{"C:\\Users\\Victor\\Homework\\JEST\\app.js": {"path":"C:\\Users\\Victor\\Homework\\JEST\\app.js","statementMap":{"0":{"start":{"line":3,"column":4},"end":{"line":11,"column":6}},"1":{"start":{"line":4,"column":20},"end":{"line":4,"column":35}},"2":{"start":{"line":5,"column":20},"end":{"line":5,"column":35}},"3":{"start":{"line":6,"column":6},"end":{"line":8,"column":19}},"4":{"start":{"line":8,"column":8},"end":{"line":8,"column":17}},"5":{"start":{"line":9,"column":6},"end":{"line":9,"column":33}},"6":{"start":{"line":9,"column":25},"end":{"line":9,"column":33}},"7":{"start":{"line":10,"column":6},"end":{"line":10,"column":14}},"8":{"start":{"line":12,"column":4},"end":{"line":12,"column":21}},"9":{"start":{"line":16,"column":2},"end":{"line":16,"column":33}}},"fnMap":{"0":{"name":"sortByName","decl":{"start":{"line":2,"column":9},"end":{"line":2,"column":19}},"loc":{"start":{"line":2,"column":33},"end":{"line":13,"column":3}},"line":2},"1":{"name":"(anonymous_1)","decl":{"start":{"line":3,"column":20},"end":{"line":3,"column":21}},"loc":{"start":{"line":3,"column":36},"end":{"line":11,"column":5}},"line":3}},"branchMap":{"0":{"loc":{"start":{"line":6,"column":6},"end":{"line":8,"column":19}},"type":"if","locations":[{"start":{"line":6,"column":6},"end":{"line":8,"column":19}},{"start":{},"end":{}}],"line":6},"1":{"loc":{"start":{"line":9,"column":6},"end":{"line":9,"column":33}},"type":"if","locations":[{"start":{"line":9,"column":6},"end":{"line":9,"column":33}},{"start":{},"end":{}}],"line":9}},"s":{"0":2,"1":6,"2":6,"3":6,"4":2,"5":4,"6":2,"7":2,"8":2,"9":1},"f":{"0":2,"1":6},"b":{"0":[2,4],"1":[2,2]},"_coverageSchema":"1a1c01bbd47fc00a2c39e90264f33305004495a9","hash":"4d01d77b6f41871d9c41fea5a77adc2287b030f3"}
}
